('Creating a new, empty folder=', 'outdir')
Setting initial psuedo-random number stream seed to  1134
-----------------------------------------------------------------------------------
Period Length for ROS computations [min]:  60.0
-----------------------------------------------------------------------------------
------------------------------------------------- Simulation Number  1 -------------------------------------------------
Initial Time: 0.833936

----------------- Forest Data -----------------
We have specific ignition points
Ignitions: {1: 5}
Rows: 3 Cols: 3 NCells: 9
------------ End read forest data -------------
Reading weather file
enter update_Weather_FBPReadFile called from Main period= 0
Weather Info for (Week 0)
Wind Speed = 5.0
Wind Direction = 225.0
Temperature = 17.7
Dew Point = 8.4
Precipitation = 0.0
Radiation = 0
RHumidity = 20.0
DF     ws   waz  ps  saz
0  5.0  45.0   0   90
1  5.0  45.0   0   90
2  5.0  45.0   0   90
3  5.0  45.0   0   90
4  5.0  45.0   0   90
5  5.0  45.0   0   90
6  5.0  45.0   0   90
7  5.0  45.0   0   90
8  5.0  45.0   0   90
WindDirection 225.0

Serial Initialization 
Number of workers: 1
---------------------- End initialization ------------------------------
Actual Weather Info (Week 0)
Wind Speed = 5.0
Wind Direction = 225.0
Temperature = 17.7
Dew Point = 8.4
Precipitation = 0.0
Radiation = 0
RHumidity = 20.0
creating outdir/Plots

Set information period (week1)
Available Cells: set([1, 2, 3, 4, 5, 6, 7, 8, 9])
Non Burnable Cells:set([])
Burning Cells: set([])
Burnt Cells: set([])
Harvest Cells: set([])

------------------------------------ Current Year:  1 ------------------------------------
---------------------- Step 1: Ignition ----------------------

Current Period (Week): 1
Current Fire Period (Hour): 1
Cell 5 Ignites
Cell 5 Status: Burning

Available cells: set([1, 2, 3, 4, 6, 7, 8, 9])
Non Burnable Cells:set([])
Burning cells: set([5])
Harvest cells: set([])
Burnt cells (including burning): set([5])
Weather is a constant
enter update_Weather_FBPReadFile called from Main period= 1
WARNING: Weather is a constant but reading weather from a file so using first row.

Current Week: 1
Fire Period Starts: 2

Weather Info for (Week 1)
Wind Speed = 10.0
Wind Direction = 225.0
Temperature = 16.9
Dew Point = 8.4
Precipitation = 0.0
Radiation = 0
RHumidity = 18.0
(NOTE: current weather is not used for ROS with constant option)

Next Fire Period: 2

---------------------- Step 2: Sending Messages from Ignition ----------------------
Current Week: 1
Current Fire Period: 2
Burning Cells: set([5])
Burnt Cells (should include burning): set([5])
 -------------------- NEW CLEANING STEP ------------------------
----------------------------------------------------------------------

---Serial version of the code---
Cell object new fields
('ID:', 5)
('FireProgress:', {1: 0.0, 2: 0.0, 3: 0.0, 4: 0.0, 6: 0.0, 7: 0.0, 8: 0.0, 9: 0.0})
('AngleDict:', {1: 135.0, 2: 90, 3: 45.0, 4: 180, 6: 0, 7: 225.0, 8: 270, 9: 315.0})
('ROSAngleDir:', {0: None, 225.0: None, 135.0: None, 45.0: None, 270: None, 180: None, 90: None, 315.0: None})
('DistToCenter:', {1: 1414.2135623730951, 2: 1000.0, 3: 1414.2135623730951, 4: 1000.0, 6: 1000.0, 7: 1414.2135623730951, 8: 1000.0, 9: 1414.2135623730951})
('angle_to_nb:', {0: 6, 225.0: 7, 135.0: 1, 45.0: 3, 270: 8, 180: 4, 90: 2, 315.0: 9})
Cell 5 can still send messages to neighbors
Message sending probability (i.e. Non-burnout): 1 in period: 2 for Firestarts = 1
    len(ROSAngleDir)= 8
Cell can send messages
 Repeat condition:  True
Wind Speed 10.0
Wind Direction 225.0
Main Angle: 225.0
Front ROS Value: 6.92784786224
Flanks ROS Value: 4.59279966354
Rear ROS Value: 3.40387940407
Std Normal RV for Stochastic ROS CV: 0
ROSAngleDir Cell 5 : {0: 3.9983395338058472, 225.0: 6.9278478622436523, 135.0: 4.5927996635437012, 45.0: 3.4038794040679932, 270: 5.7603237628936768, 180: 5.7603237628936768, 90: 3.9983395338058472, 315.0: 4.5927996635437012}
Fire Progress before this update 5 : {1: 0.0, 2: 0.0, 3: 0.0, 4: 0.0, 6: 0.0, 7: 0.0, 8: 0.0, 9: 0.0}
    angle, realized ros in m/min 0 3.99833953381
A Repeat = TRUE flag is sent in order to continue with the current fire.....
Main workaround of the new sim logic.....
    angle, realized ros in m/min 225.0 6.92784786224
    angle, realized ros in m/min 135.0 4.59279966354
    angle, realized ros in m/min 45.0 3.40387940407
    angle, realized ros in m/min 270 5.76032376289
    angle, realized ros in m/min 180 5.76032376289
    angle, realized ros in m/min 90 3.99833953381
    angle, realized ros in m/min 315.0 4.59279966354
 ----------------- End of new manageFire function -----------------
Aux list: ['True']
Fire is still alive and we may repeat if no other messages......
Global_Message_Aux: []
RepeatFire: True

Fires are still alive and no message has been generated during this period
Current Fire period:  2
New Fire period:  3


---------------------- Step 2: Sending Messages from Ignition ----------------------
Current Week: 1
Current Fire Period: 3
Burning Cells: set([5])
Burnt Cells (should include burning): set([5])
 -------------------- NEW CLEANING STEP ------------------------
----------------------------------------------------------------------

---Serial version of the code---
Cell object new fields
('ID:', 5)
('FireProgress:', {1: 275.56797981262207, 2: 239.90037202835083, 3: 204.23276424407959, 4: 345.61942577362061, 6: 239.90037202835083, 7: 415.67087173461914, 8: 345.61942577362061, 9: 275.56797981262207})
('AngleDict:', {1: 135.0, 2: 90, 3: 45.0, 4: 180, 6: 0, 7: 225.0, 8: 270, 9: 315.0})
('ROSAngleDir:', {0: 3.9983395338058472, 225.0: 6.9278478622436523, 135.0: 4.5927996635437012, 45.0: 3.4038794040679932, 270: 5.7603237628936768, 180: 5.7603237628936768, 90: 3.9983395338058472, 315.0: 4.5927996635437012})
('DistToCenter:', {1: 1414.2135623730951, 2: 1000.0, 3: 1414.2135623730951, 4: 1000.0, 6: 1000.0, 7: 1414.2135623730951, 8: 1000.0, 9: 1414.2135623730951})
('angle_to_nb:', {0: 6, 225.0: 7, 135.0: 1, 45.0: 3, 270: 8, 180: 4, 90: 2, 315.0: 9})
Cell 5 can still send messages to neighbors
Message sending probability (i.e. Non-burnout): 1 in period: 3 for Firestarts = 1
    len(ROSAngleDir)= 8
Cell can send messages
 Repeat condition:  True
Wind Speed 10.0
Wind Direction 225.0
Main Angle: 225.0
Front ROS Value: 6.92784786224
Flanks ROS Value: 4.59279966354
Rear ROS Value: 3.40387940407
Std Normal RV for Stochastic ROS CV: 0
ROSAngleDir Cell 5 : {0: 3.9983395338058472, 225.0: 6.9278478622436523, 135.0: 4.5927996635437012, 45.0: 3.4038794040679932, 270: 5.7603237628936768, 180: 5.7603237628936768, 90: 3.9983395338058472, 315.0: 4.5927996635437012}
Fire Progress before this update 5 : {1: 275.56797981262207, 2: 239.90037202835083, 3: 204.23276424407959, 4: 345.61942577362061, 6: 239.90037202835083, 7: 415.67087173461914, 8: 345.61942577362061, 9: 275.56797981262207}
    angle, realized ros in m/min 0 3.99833953381
A Repeat = TRUE flag is sent in order to continue with the current fire.....
Main workaround of the new sim logic.....
    angle, realized ros in m/min 225.0 6.92784786224
    angle, realized ros in m/min 135.0 4.59279966354
    angle, realized ros in m/min 45.0 3.40387940407
    angle, realized ros in m/min 270 5.76032376289
    angle, realized ros in m/min 180 5.76032376289
    angle, realized ros in m/min 90 3.99833953381
    angle, realized ros in m/min 315.0 4.59279966354
 ----------------- End of new manageFire function -----------------
Aux list: ['True']
Fire is still alive and we may repeat if no other messages......
Global_Message_Aux: []
RepeatFire: True

Fires are still alive and no message has been generated during this period
Current Fire period:  3
New Fire period:  4


---------------------- Step 2: Sending Messages from Ignition ----------------------
Current Week: 1
Current Fire Period: 4
Burning Cells: set([5])
Burnt Cells (should include burning): set([5])
 -------------------- NEW CLEANING STEP ------------------------
----------------------------------------------------------------------

---Serial version of the code---
Cell object new fields
('ID:', 5)
('FireProgress:', {1: 551.13595962524414, 2: 479.80074405670166, 3: 408.46552848815918, 4: 691.23885154724121, 6: 479.80074405670166, 7: 831.34174346923828, 8: 691.23885154724121, 9: 551.13595962524414})
('AngleDict:', {1: 135.0, 2: 90, 3: 45.0, 4: 180, 6: 0, 7: 225.0, 8: 270, 9: 315.0})
('ROSAngleDir:', {0: 3.9983395338058472, 225.0: 6.9278478622436523, 135.0: 4.5927996635437012, 45.0: 3.4038794040679932, 270: 5.7603237628936768, 180: 5.7603237628936768, 90: 3.9983395338058472, 315.0: 4.5927996635437012})
('DistToCenter:', {1: 1414.2135623730951, 2: 1000.0, 3: 1414.2135623730951, 4: 1000.0, 6: 1000.0, 7: 1414.2135623730951, 8: 1000.0, 9: 1414.2135623730951})
('angle_to_nb:', {0: 6, 225.0: 7, 135.0: 1, 45.0: 3, 270: 8, 180: 4, 90: 2, 315.0: 9})
Cell 5 can still send messages to neighbors
Message sending probability (i.e. Non-burnout): 1 in period: 4 for Firestarts = 1
    len(ROSAngleDir)= 8
Cell can send messages
 Repeat condition:  True
Wind Speed 10.0
Wind Direction 225.0
Main Angle: 225.0
Front ROS Value: 6.92784786224
Flanks ROS Value: 4.59279966354
Rear ROS Value: 3.40387940407
Std Normal RV for Stochastic ROS CV: 0
ROSAngleDir Cell 5 : {0: 3.9983395338058472, 225.0: 6.9278478622436523, 135.0: 4.5927996635437012, 45.0: 3.4038794040679932, 270: 5.7603237628936768, 180: 5.7603237628936768, 90: 3.9983395338058472, 315.0: 4.5927996635437012}
Fire Progress before this update 5 : {1: 551.13595962524414, 2: 479.80074405670166, 3: 408.46552848815918, 4: 691.23885154724121, 6: 479.80074405670166, 7: 831.34174346923828, 8: 691.23885154724121, 9: 551.13595962524414}
    angle, realized ros in m/min 0 3.99833953381
A Repeat = TRUE flag is sent in order to continue with the current fire.....
Main workaround of the new sim logic.....
    angle, realized ros in m/min 225.0 6.92784786224
    angle, realized ros in m/min 135.0 4.59279966354
    angle, realized ros in m/min 45.0 3.40387940407
    angle, realized ros in m/min 270 5.76032376289
Fire reaches the center of the cell 8 Distance to cell (in meters) was 1000.0
MSG list: [8]
Cell 8 popped out from the ROSAngleDir
ROSAngleDir Cell 5 : {0: 3.9983395338058472, 225.0: 6.9278478622436523, 135.0: 4.5927996635437012, 45.0: 3.4038794040679932, 180: 5.7603237628936768, 90: 3.9983395338058472, 315.0: 4.5927996635437012}
    angle, realized ros in m/min 180 5.76032376289
Fire reaches the center of the cell 4 Distance to cell (in meters) was 1000.0
MSG list: [4, 8]
Cell 4 popped out from the ROSAngleDir
ROSAngleDir Cell 5 : {0: 3.9983395338058472, 225.0: 6.9278478622436523, 135.0: 4.5927996635437012, 45.0: 3.4038794040679932, 90: 3.9983395338058472, 315.0: 4.5927996635437012}
    angle, realized ros in m/min 90 3.99833953381
    angle, realized ros in m/min 315.0 4.59279966354
 ----------------- End of new manageFire function -----------------
Aux list: [4, 8]
List is not empty
SendMessageList:  [[], [], [], [], [4, 8], [], [], [], []]
Global_Message_Aux: [4, 8]
RepeatFire: False
Lists of messages per Cell: [[], [], [], [], [4, 8], [], [], [], []]
Global Message Lists: [4, 8]
We have at least one message: True
Cell 4 got messages from the following cells in this fire period (hour): [5]
Cell 5 got messages from the following cells in this fire period (hour): []
Cell 8 got messages from the following cells in this fire period (hour): [5]

---------------------- Step 3: Receiving and processing messages from Ignition ----------------------
Size of the world:  1
Cells receiving messages: set([8, 4])
Cell 4 receives 1 messages
Cell 8 receives 1 messages

---Serial version of the code---

Cells status

ROS Threshold get_burned method
ROSThresh: 0.001
Wind Speed 10.0
Wind Direction 225.0
Main Angle: 225.0
Front ROS Value: 6.92784786224
Flanks ROS Value: 4.59279966354
Rear ROS Value: 3.40387940407
Head ROS value: 6.92784786224
Cell 8 got burnt: True

ROS Threshold get_burned method
ROSThresh: 0.001
Wind Speed 10.0
Wind Direction 225.0
Main Angle: 225.0
Front ROS Value: 6.92784786224
Flanks ROS Value: 4.59279966354
Rear ROS Value: 3.40387940407
Head ROS value: 6.92784786224
Cell 4 got burnt: True

Results
newly Burnt (and/or burning) List: [8, 4]
Available cells: set([1, 2, 3, 6, 7, 9])
Non Burnable Cells: set([])
Burning cells: set([8, 4, 5])
Harvest cells: set([])
Burnt and Burning cells: set([8, 4, 5])
Weather is a constant
enter update_Weather_FBPReadFile called from Main period= 2
WARNING: Weather is a constant but reading weather from a file so using first row.

forest data frame (df) after weather update
  fueltype  mon  jd   m  jd_min  lat  lon  elev  ffmc   ws   waz  bui  ps  \
0       c2    7   1 NaN     NaN   55  110   NaN    90  5.0  45.0  130   0   
1       c2    7   1 NaN     NaN   55  110   NaN    90  5.0  45.0  130   0   
2       c2    7   1 NaN     NaN   55  110   NaN    90  5.0  45.0  130   0   
3       c2    7   1 NaN     NaN   55  110   NaN    90  5.0  45.0  130   0   
4       c2    7   1 NaN     NaN   55  110   NaN    90  5.0  45.0  130   0   
5       c2    7   1 NaN     NaN   55  110   NaN    90  5.0  45.0  130   0   
6       c2    7   1 NaN     NaN   55  110   NaN    90  5.0  45.0  130   0   
7       c2    7   1 NaN     NaN   55  110   NaN    90  5.0  45.0  130   0   
8       c2    7   1 NaN     NaN   55  110   NaN    90  5.0  45.0  130   0   

   saz  pc  pdf  gfl  cur  time  
0   90 NaN  NaN  NaN  NaN    20  
1   90 NaN  NaN  NaN  NaN    20  
2   90 NaN  NaN  NaN  NaN    20  
3   90 NaN  NaN  NaN  NaN    20  
4   90 NaN  NaN  NaN  NaN    20  
5   90 NaN  NaN  NaN  NaN    20  
6   90 NaN  NaN  NaN  NaN    20  
7   90 NaN  NaN  NaN  NaN    20  
8   90 NaN  NaN  NaN  NaN    20  

Weather Info for (hour 5)
Wind Speed = 15.0
Wind Direction = 45.0
Temperature = 16.1
Dew Point = 8.4
Precipitation = 0.0
Radiation = 0
RHumidity = 20.0
(NOTE: current weather is not used for ROS with constant option)

Current Period (week): 1
Current Fire Period: 5

---------------------- Step 2: Sending Messages from Ignition ----------------------
Current Week: 1
Current Fire Period: 5
Burning Cells: set([8, 4, 5])
Burnt Cells (should include burning): set([8, 4, 5])
 -------------------- NEW CLEANING STEP ------------------------
Cell 4 : clearing ROSAngleDir
Cell 8 : clearing ROSAngleDir
----------------------------------------------------------------------

---Serial version of the code---
Cell object new fields
('ID:', 8)
('FireProgress:', {9: 0.0, 4: 0.0, 5: 0.0, 6: 0.0, 7: 0.0})
('AngleDict:', {9: 0, 4: 135.0, 5: 90, 6: 45.0, 7: 180})
('ROSAngleDir:', {0: None, 180: None, 45.0: None})
('DistToCenter:', {9: 1000.0, 4: 1414.2135623730951, 5: 1000.0, 6: 1414.2135623730951, 7: 1000.0})
('angle_to_nb:', {0: 9, 90: 5, 180: 7, 45.0: 6, 135.0: 4})
Cell 8 can still send messages to neighbors
Message sending probability (i.e. Non-burnout): 1 in period: 5 for Firestarts = 4
    len(ROSAngleDir)= 3
Cell can send messages
 Repeat condition:  True
Wind Speed 15.0
Wind Direction 45.0
Main Angle: 225.0
Front ROS Value: 6.92784786224
Flanks ROS Value: 4.59279966354
Rear ROS Value: 3.40387940407
Std Normal RV for Stochastic ROS CV: 0
ROSAngleDir Cell 8 : {0: 3.9983395338058472, 180: 5.7603237628936768, 45.0: 3.4038794040679932}
Fire Progress before this update 8 : {9: 0.0, 4: 0.0, 5: 0.0, 6: 0.0, 7: 0.0}
    angle, realized ros in m/min 0 3.99833953381
A Repeat = TRUE flag is sent in order to continue with the current fire.....
Main workaround of the new sim logic.....
    angle, realized ros in m/min 180 5.76032376289
    angle, realized ros in m/min 45.0 3.40387940407
 ----------------- End of new manageFire function -----------------
Aux list: ['True']
Fire is still alive and we may repeat if no other messages......
Cell object new fields
('ID:', 4)
('FireProgress:', {8: 0.0, 1: 0.0, 2: 0.0, 5: 0.0, 7: 0.0})
('AngleDict:', {8: 315.0, 1: 90, 2: 45.0, 5: 0, 7: 270})
('ROSAngleDir:', {90: None, 45.0: None, 270: None})
('DistToCenter:', {8: 1414.2135623730951, 1: 1000.0, 2: 1414.2135623730951, 5: 1000.0, 7: 1000.0})
('angle_to_nb:', {0: 5, 90: 1, 315.0: 8, 45.0: 2, 270: 7})
Cell 4 can still send messages to neighbors
Message sending probability (i.e. Non-burnout): 1 in period: 5 for Firestarts = 4
    len(ROSAngleDir)= 3
Cell can send messages
 Repeat condition:  True
Wind Speed 15.0
Wind Direction 45.0
Main Angle: 225.0
Front ROS Value: 6.92784786224
Flanks ROS Value: 4.59279966354
Rear ROS Value: 3.40387940407
Std Normal RV for Stochastic ROS CV: 0
ROSAngleDir Cell 4 : {90: 3.9983395338058472, 45.0: 3.4038794040679932, 270: 5.7603237628936768}
Fire Progress before this update 4 : {8: 0.0, 1: 0.0, 2: 0.0, 5: 0.0, 7: 0.0}
    angle, realized ros in m/min 90 3.99833953381
A Repeat = TRUE flag is sent in order to continue with the current fire.....
Main workaround of the new sim logic.....
    angle, realized ros in m/min 45.0 3.40387940407
    angle, realized ros in m/min 270 5.76032376289
 ----------------- End of new manageFire function -----------------
Aux list: ['True']
Fire is still alive and we may repeat if no other messages......
Cell object new fields
('ID:', 5)
('FireProgress:', {1: 826.70393943786621, 2: 719.70111608505249, 3: 612.69829273223877, 4: 1036.8582773208618, 6: 719.70111608505249, 7: 1247.0126152038574, 8: 1036.8582773208618, 9: 826.70393943786621})
('AngleDict:', {1: 135.0, 2: 90, 3: 45.0, 4: 180, 6: 0, 7: 225.0, 8: 270, 9: 315.0})
('ROSAngleDir:', {0: 3.9983395338058472, 225.0: 6.9278478622436523, 135.0: 4.5927996635437012, 45.0: 3.4038794040679932, 90: 3.9983395338058472, 315.0: 4.5927996635437012})
('DistToCenter:', {1: 1414.2135623730951, 2: 1000.0, 3: 1414.2135623730951, 4: 1000.0, 6: 1000.0, 7: 1414.2135623730951, 8: 1000.0, 9: 1414.2135623730951})
('angle_to_nb:', {0: 6, 225.0: 7, 135.0: 1, 45.0: 3, 270: 8, 180: 4, 90: 2, 315.0: 9})
Cell 5 can still send messages to neighbors
Message sending probability (i.e. Non-burnout): 1 in period: 5 for Firestarts = 1
    len(ROSAngleDir)= 6
Cell can send messages
 Repeat condition:  True
Wind Speed 15.0
Wind Direction 45.0
Main Angle: 225.0
Front ROS Value: 6.92784786224
Flanks ROS Value: 4.59279966354
Rear ROS Value: 3.40387940407
Std Normal RV for Stochastic ROS CV: 0
ROSAngleDir Cell 5 : {0: 3.9983395338058472, 225.0: 6.9278478622436523, 135.0: 4.5927996635437012, 45.0: 3.4038794040679932, 90: 3.9983395338058472, 315.0: 4.5927996635437012}
Fire Progress before this update 5 : {1: 826.70393943786621, 2: 719.70111608505249, 3: 612.69829273223877, 4: 1036.8582773208618, 6: 719.70111608505249, 7: 1247.0126152038574, 8: 1036.8582773208618, 9: 826.70393943786621}
    angle, realized ros in m/min 0 3.99833953381
A Repeat = TRUE flag is sent in order to continue with the current fire.....
Main workaround of the new sim logic.....
    angle, realized ros in m/min 225.0 6.92784786224
Fire reaches the center of the cell 7 Distance to cell (in meters) was 1414.21356237
MSG list: [7]
Cell 7 popped out from the ROSAngleDir
ROSAngleDir Cell 5 : {0: 3.9983395338058472, 135.0: 4.5927996635437012, 45.0: 3.4038794040679932, 90: 3.9983395338058472, 315.0: 4.5927996635437012}
    angle, realized ros in m/min 135.0 4.59279966354
    angle, realized ros in m/min 45.0 3.40387940407
    angle, realized ros in m/min 90 3.99833953381
    angle, realized ros in m/min 315.0 4.59279966354
 ----------------- End of new manageFire function -----------------
Aux list: [7]
List is not empty
SendMessageList:  [[], [], [], [], [7], [], [], [], []]
Global_Message_Aux: [7]
RepeatFire: True
Messages have been sent, next step
Lists of messages per Cell: [[], [], [], [], [7], [], [], [], []]
Global Message Lists: [7]
We have at least one message: True
Cell 4 got messages from the following cells in this fire period (hour): []
Cell 5 got messages from the following cells in this fire period (hour): []
Cell 7 got messages from the following cells in this fire period (hour): [5]
Cell 8 got messages from the following cells in this fire period (hour): []

---------------------- Step 3: Receiving and processing messages from Ignition ----------------------
Size of the world:  1
Cells receiving messages: set([7])
Cell 7 receives 1 messages

---Serial version of the code---

Cells status

ROS Threshold get_burned method
ROSThresh: 0.001
Wind Speed 15.0
Wind Direction 45.0
Main Angle: 225.0
Front ROS Value: 6.92784786224
Flanks ROS Value: 4.59279966354
Rear ROS Value: 3.40387940407
Head ROS value: 6.92784786224
Cell 7 got burnt: True

Results
newly Burnt (and/or burning) List: [7]
Available cells: set([1, 2, 3, 6, 9])
Non Burnable Cells: set([])
Burning cells: set([8, 4, 5, 7])
Harvest cells: set([])
Burnt and Burning cells: set([8, 4, 5, 7])
Weather is a constant
enter update_Weather_FBPReadFile called from Main period= 3
WARNING: Weather is a constant but reading weather from a file so using first row.

forest data frame (df) after weather update
  fueltype  mon  jd   m  jd_min  lat  lon  elev  ffmc   ws   waz  bui  ps  \
0       c2    7   1 NaN     NaN   55  110   NaN    90  5.0  45.0  130   0   
1       c2    7   1 NaN     NaN   55  110   NaN    90  5.0  45.0  130   0   
2       c2    7   1 NaN     NaN   55  110   NaN    90  5.0  45.0  130   0   
3       c2    7   1 NaN     NaN   55  110   NaN    90  5.0  45.0  130   0   
4       c2    7   1 NaN     NaN   55  110   NaN    90  5.0  45.0  130   0   
5       c2    7   1 NaN     NaN   55  110   NaN    90  5.0  45.0  130   0   
6       c2    7   1 NaN     NaN   55  110   NaN    90  5.0  45.0  130   0   
7       c2    7   1 NaN     NaN   55  110   NaN    90  5.0  45.0  130   0   
8       c2    7   1 NaN     NaN   55  110   NaN    90  5.0  45.0  130   0   

   saz  pc  pdf  gfl  cur  time  
0   90 NaN  NaN  NaN  NaN    20  
1   90 NaN  NaN  NaN  NaN    20  
2   90 NaN  NaN  NaN  NaN    20  
3   90 NaN  NaN  NaN  NaN    20  
4   90 NaN  NaN  NaN  NaN    20  
5   90 NaN  NaN  NaN  NaN    20  
6   90 NaN  NaN  NaN  NaN    20  
7   90 NaN  NaN  NaN  NaN    20  
8   90 NaN  NaN  NaN  NaN    20  

Weather Info for (hour 6)
Wind Speed = 37.0
Wind Direction = 45.0
Temperature = 15.8
Dew Point = 8.4
Precipitation = 0.0
Radiation = 0
RHumidity = 20.0
(NOTE: current weather is not used for ROS with constant option)

Current Period (week): 1
Current Fire Period: 6

---------------------- Step 2: Sending Messages from Ignition ----------------------
Current Week: 1
Current Fire Period: 6
Burning Cells: set([8, 4, 5, 7])
Burnt Cells (should include burning): set([8, 4, 5, 7])
 -------------------- NEW CLEANING STEP ------------------------
Cell 4 : clearing ROSAngleDir
Cell 8 : clearing ROSAngleDir
----------------------------------------------------------------------

---Serial version of the code---
Cell object new fields
('ID:', 8)
('FireProgress:', {9: 239.90037202835083, 4: 0.0, 5: 0.0, 6: 204.23276424407959, 7: 345.61942577362061})
('AngleDict:', {9: 0, 4: 135.0, 5: 90, 6: 45.0, 7: 180})
('ROSAngleDir:', {0: 3.9983395338058472, 45.0: 3.4038794040679932})
('DistToCenter:', {9: 1000.0, 4: 1414.2135623730951, 5: 1000.0, 6: 1414.2135623730951, 7: 1000.0})
('angle_to_nb:', {0: 9, 90: 5, 180: 7, 45.0: 6, 135.0: 4})
Cell 8 can still send messages to neighbors
Message sending probability (i.e. Non-burnout): 1 in period: 6 for Firestarts = 4
    len(ROSAngleDir)= 2
Cell can send messages
 Repeat condition:  True
Wind Speed 37.0
Wind Direction 45.0
Main Angle: 225.0
Front ROS Value: 6.92784786224
Flanks ROS Value: 4.59279966354
Rear ROS Value: 3.40387940407
Std Normal RV for Stochastic ROS CV: 0
ROSAngleDir Cell 8 : {0: 3.9983395338058472, 45.0: 3.4038794040679932}
Fire Progress before this update 8 : {9: 239.90037202835083, 4: 0.0, 5: 0.0, 6: 204.23276424407959, 7: 345.61942577362061}
    angle, realized ros in m/min 0 3.99833953381
A Repeat = TRUE flag is sent in order to continue with the current fire.....
Main workaround of the new sim logic.....
    angle, realized ros in m/min 45.0 3.40387940407
 ----------------- End of new manageFire function -----------------
Aux list: ['True']
Fire is still alive and we may repeat if no other messages......
Cell object new fields
('ID:', 4)
('FireProgress:', {8: 0.0, 1: 239.90037202835083, 2: 204.23276424407959, 5: 0.0, 7: 345.61942577362061})
('AngleDict:', {8: 315.0, 1: 90, 2: 45.0, 5: 0, 7: 270})
('ROSAngleDir:', {90: 3.9983395338058472, 45.0: 3.4038794040679932})
('DistToCenter:', {8: 1414.2135623730951, 1: 1000.0, 2: 1414.2135623730951, 5: 1000.0, 7: 1000.0})
('angle_to_nb:', {0: 5, 90: 1, 315.0: 8, 45.0: 2, 270: 7})
Cell 4 can still send messages to neighbors
Message sending probability (i.e. Non-burnout): 1 in period: 6 for Firestarts = 4
    len(ROSAngleDir)= 2
Cell can send messages
 Repeat condition:  True
Wind Speed 37.0
Wind Direction 45.0
Main Angle: 225.0
Front ROS Value: 6.92784786224
Flanks ROS Value: 4.59279966354
Rear ROS Value: 3.40387940407
Std Normal RV for Stochastic ROS CV: 0
ROSAngleDir Cell 4 : {90: 3.9983395338058472, 45.0: 3.4038794040679932}
Fire Progress before this update 4 : {8: 0.0, 1: 239.90037202835083, 2: 204.23276424407959, 5: 0.0, 7: 345.61942577362061}
    angle, realized ros in m/min 90 3.99833953381
A Repeat = TRUE flag is sent in order to continue with the current fire.....
Main workaround of the new sim logic.....
    angle, realized ros in m/min 45.0 3.40387940407
 ----------------- End of new manageFire function -----------------
Aux list: ['True']
Fire is still alive and we may repeat if no other messages......
Cell object new fields
('ID:', 5)
('FireProgress:', {1: 1102.2719192504883, 2: 959.60148811340332, 3: 816.93105697631836, 4: 1036.8582773208618, 6: 959.60148811340332, 7: 1662.6834869384766, 8: 1036.8582773208618, 9: 1102.2719192504883})
('AngleDict:', {1: 135.0, 2: 90, 3: 45.0, 4: 180, 6: 0, 7: 225.0, 8: 270, 9: 315.0})
('ROSAngleDir:', {0: 3.9983395338058472, 135.0: 4.5927996635437012, 45.0: 3.4038794040679932, 90: 3.9983395338058472, 315.0: 4.5927996635437012})
('DistToCenter:', {1: 1414.2135623730951, 2: 1000.0, 3: 1414.2135623730951, 4: 1000.0, 6: 1000.0, 7: 1414.2135623730951, 8: 1000.0, 9: 1414.2135623730951})
('angle_to_nb:', {0: 6, 225.0: 7, 135.0: 1, 45.0: 3, 270: 8, 180: 4, 90: 2, 315.0: 9})
Cell 5 can still send messages to neighbors
Message sending probability (i.e. Non-burnout): 1 in period: 6 for Firestarts = 1
    len(ROSAngleDir)= 5
Cell can send messages
 Repeat condition:  True
Wind Speed 37.0
Wind Direction 45.0
Main Angle: 225.0
Front ROS Value: 6.92784786224
Flanks ROS Value: 4.59279966354
Rear ROS Value: 3.40387940407
Std Normal RV for Stochastic ROS CV: 0
ROSAngleDir Cell 5 : {0: 3.9983395338058472, 135.0: 4.5927996635437012, 45.0: 3.4038794040679932, 90: 3.9983395338058472, 315.0: 4.5927996635437012}
Fire Progress before this update 5 : {1: 1102.2719192504883, 2: 959.60148811340332, 3: 816.93105697631836, 4: 1036.8582773208618, 6: 959.60148811340332, 7: 1662.6834869384766, 8: 1036.8582773208618, 9: 1102.2719192504883}
    angle, realized ros in m/min 0 3.99833953381
Fire reaches the center of the cell 6 Distance to cell (in meters) was 1000.0
MSG list: [6]
Cell 6 popped out from the ROSAngleDir
ROSAngleDir Cell 5 : {135.0: 4.5927996635437012, 45.0: 3.4038794040679932, 90: 3.9983395338058472, 315.0: 4.5927996635437012}
    angle, realized ros in m/min 135.0 4.59279966354
A Repeat = TRUE flag is sent in order to continue with the current fire.....
Main workaround of the new sim logic.....
    angle, realized ros in m/min 45.0 3.40387940407
    angle, realized ros in m/min 90 3.99833953381
Fire reaches the center of the cell 2 Distance to cell (in meters) was 1000.0
MSG list: [2, 6]
Cell 2 popped out from the ROSAngleDir
ROSAngleDir Cell 5 : {135.0: 4.5927996635437012, 45.0: 3.4038794040679932, 315.0: 4.5927996635437012}
    angle, realized ros in m/min 315.0 4.59279966354
 ----------------- End of new manageFire function -----------------
Aux list: [2, 6]
List is not empty
SendMessageList:  [[], [], [], [], [2, 6], [], [], [], []]
Cell object new fields
('ID:', 7)
('FireProgress:', {8: 0.0, 4: 0.0, 5: 0.0})
('AngleDict:', {8: 0, 4: 90, 5: 45.0})
('ROSAngleDir:', {})
('DistToCenter:', {8: 1000.0, 4: 1000.0, 5: 1414.2135623730951})
('angle_to_nb:', {0: 8, 90: 4, 45.0: 5})
Cell 7 does not have any neighbor available for receiving messages
Aux list: []
Message and Aux Lists are empty; adding to BurnedOutList
Global_Message_Aux: [2, 6]
RepeatFire: True
Messages have been sent, next step
Lists of messages per Cell: [[], [], [], [], [2, 6], [], [], [], []]
Global Message Lists: [2, 6]
We have at least one message: True
Cell 2 got messages from the following cells in this fire period (hour): [5]
Cell 4 got messages from the following cells in this fire period (hour): []
Cell 5 got messages from the following cells in this fire period (hour): []
Cell 6 got messages from the following cells in this fire period (hour): [5]
Cell 7 got messages from the following cells in this fire period (hour): []
Cell 8 got messages from the following cells in this fire period (hour): []

---------------------- Step 3: Receiving and processing messages from Ignition ----------------------
Size of the world:  1
Cells receiving messages: set([2, 6])
Cell 2 receives 1 messages
Cell 6 receives 1 messages

---Serial version of the code---

Cells status

ROS Threshold get_burned method
ROSThresh: 0.001
Wind Speed 37.0
Wind Direction 45.0
Main Angle: 225.0
Front ROS Value: 6.92784786224
Flanks ROS Value: 4.59279966354
Rear ROS Value: 3.40387940407
Head ROS value: 6.92784786224
Cell 2 got burnt: True

ROS Threshold get_burned method
ROSThresh: 0.001
Wind Speed 37.0
Wind Direction 45.0
Main Angle: 225.0
Front ROS Value: 6.92784786224
Flanks ROS Value: 4.59279966354
Rear ROS Value: 3.40387940407
Head ROS value: 6.92784786224
Cell 6 got burnt: True

Results
newly Burnt (and/or burning) List: [2, 6]
Available cells: set([1, 3, 9])
Non Burnable Cells: set([])
Burning cells: set([2, 4, 5, 6, 7, 8])
Harvest cells: set([])
Burnt and Burning cells: set([2, 4, 5, 6, 7, 8])
Weather is a constant
enter update_Weather_FBPReadFile called from Main period= 4
WARNING: Weather is a constant but reading weather from a file so using first row.

forest data frame (df) after weather update
  fueltype  mon  jd   m  jd_min  lat  lon  elev  ffmc   ws   waz  bui  ps  \
0       c2    7   1 NaN     NaN   55  110   NaN    90  5.0  45.0  130   0   
1       c2    7   1 NaN     NaN   55  110   NaN    90  5.0  45.0  130   0   
2       c2    7   1 NaN     NaN   55  110   NaN    90  5.0  45.0  130   0   
3       c2    7   1 NaN     NaN   55  110   NaN    90  5.0  45.0  130   0   
4       c2    7   1 NaN     NaN   55  110   NaN    90  5.0  45.0  130   0   
5       c2    7   1 NaN     NaN   55  110   NaN    90  5.0  45.0  130   0   
6       c2    7   1 NaN     NaN   55  110   NaN    90  5.0  45.0  130   0   
7       c2    7   1 NaN     NaN   55  110   NaN    90  5.0  45.0  130   0   
8       c2    7   1 NaN     NaN   55  110   NaN    90  5.0  45.0  130   0   

   saz  pc  pdf  gfl  cur  time  
0   90 NaN  NaN  NaN  NaN    20  
1   90 NaN  NaN  NaN  NaN    20  
2   90 NaN  NaN  NaN  NaN    20  
3   90 NaN  NaN  NaN  NaN    20  
4   90 NaN  NaN  NaN  NaN    20  
5   90 NaN  NaN  NaN  NaN    20  
6   90 NaN  NaN  NaN  NaN    20  
7   90 NaN  NaN  NaN  NaN    20  
8   90 NaN  NaN  NaN  NaN    20  

Weather Info for (hour 7)
Wind Speed = 43.0
Wind Direction = 225.0
Temperature = 13.9
Dew Point = 8.4
Precipitation = 0.0
Radiation = 0
RHumidity = 25.0
(NOTE: current weather is not used for ROS with constant option)

Current Period (week): 1
Current Fire Period: 7

---------------------- Step 2: Sending Messages from Ignition ----------------------
Current Week: 1
Current Fire Period: 7
Burning Cells: set([2, 4, 5, 6, 7, 8])
Burnt Cells (should include burning): set([2, 4, 5, 6, 7, 8])
 -------------------- NEW CLEANING STEP ------------------------
Cell 2 : clearing ROSAngleDir
Cell 4 : clearing ROSAngleDir
Cell 6 : clearing ROSAngleDir
Cell 8 : clearing ROSAngleDir
----------------------------------------------------------------------

---Serial version of the code---
Cell object new fields
('ID:', 2)
('FireProgress:', {1: 0.0, 3: 0.0, 4: 0.0, 5: 0.0, 6: 0.0})
('AngleDict:', {1: 180, 3: 0, 4: 225.0, 5: 270, 6: 315.0})
('ROSAngleDir:', {0: None, 180: None})
('DistToCenter:', {1: 1000.0, 3: 1000.0, 4: 1414.2135623730951, 5: 1000.0, 6: 1414.2135623730951})
('angle_to_nb:', {0: 3, 225.0: 4, 315.0: 6, 180: 1, 270: 5})
Cell 2 can still send messages to neighbors
Message sending probability (i.e. Non-burnout): 1 in period: 7 for Firestarts = 6
    len(ROSAngleDir)= 2
Cell can send messages
 Repeat condition:  True
Wind Speed 43.0
Wind Direction 225.0
Main Angle: 225.0
Front ROS Value: 6.92784786224
Flanks ROS Value: 4.59279966354
Rear ROS Value: 3.40387940407
Std Normal RV for Stochastic ROS CV: 0
ROSAngleDir Cell 2 : {0: 3.9983395338058472, 180: 5.7603237628936768}
Fire Progress before this update 2 : {1: 0.0, 3: 0.0, 4: 0.0, 5: 0.0, 6: 0.0}
    angle, realized ros in m/min 0 3.99833953381
A Repeat = TRUE flag is sent in order to continue with the current fire.....
Main workaround of the new sim logic.....
    angle, realized ros in m/min 180 5.76032376289
 ----------------- End of new manageFire function -----------------
Aux list: ['True']
Fire is still alive and we may repeat if no other messages......
Cell object new fields
('ID:', 4)
('FireProgress:', {8: 0.0, 1: 479.80074405670166, 2: 408.46552848815918, 5: 0.0, 7: 345.61942577362061})
('AngleDict:', {8: 315.0, 1: 90, 2: 45.0, 5: 0, 7: 270})
('ROSAngleDir:', {90: 3.9983395338058472})
('DistToCenter:', {8: 1414.2135623730951, 1: 1000.0, 2: 1414.2135623730951, 5: 1000.0, 7: 1000.0})
('angle_to_nb:', {0: 5, 90: 1, 315.0: 8, 45.0: 2, 270: 7})
Cell 4 can still send messages to neighbors
Message sending probability (i.e. Non-burnout): 1 in period: 7 for Firestarts = 4
    len(ROSAngleDir)= 1
Cell can send messages
 Repeat condition:  True
Wind Speed 43.0
Wind Direction 225.0
Main Angle: 225.0
Front ROS Value: 6.92784786224
Flanks ROS Value: 4.59279966354
Rear ROS Value: 3.40387940407
Std Normal RV for Stochastic ROS CV: 0
ROSAngleDir Cell 4 : {90: 3.9983395338058472}
Fire Progress before this update 4 : {8: 0.0, 1: 479.80074405670166, 2: 408.46552848815918, 5: 0.0, 7: 345.61942577362061}
    angle, realized ros in m/min 90 3.99833953381
A Repeat = TRUE flag is sent in order to continue with the current fire.....
Main workaround of the new sim logic.....
 ----------------- End of new manageFire function -----------------
Aux list: ['True']
Fire is still alive and we may repeat if no other messages......
Cell object new fields
('ID:', 5)
('FireProgress:', {1: 1377.8398990631104, 2: 1199.5018601417542, 3: 1021.1638212203979, 4: 1036.8582773208618, 6: 1199.5018601417542, 7: 1662.6834869384766, 8: 1036.8582773208618, 9: 1377.8398990631104})
('AngleDict:', {1: 135.0, 2: 90, 3: 45.0, 4: 180, 6: 0, 7: 225.0, 8: 270, 9: 315.0})
('ROSAngleDir:', {135.0: 4.5927996635437012, 45.0: 3.4038794040679932, 315.0: 4.5927996635437012})
('DistToCenter:', {1: 1414.2135623730951, 2: 1000.0, 3: 1414.2135623730951, 4: 1000.0, 6: 1000.0, 7: 1414.2135623730951, 8: 1000.0, 9: 1414.2135623730951})
('angle_to_nb:', {0: 6, 225.0: 7, 135.0: 1, 45.0: 3, 270: 8, 180: 4, 90: 2, 315.0: 9})
Cell 5 can still send messages to neighbors
Message sending probability (i.e. Non-burnout): 1 in period: 7 for Firestarts = 1
    len(ROSAngleDir)= 3
Cell can send messages
 Repeat condition:  True
Wind Speed 43.0
Wind Direction 225.0
Main Angle: 225.0
Front ROS Value: 6.92784786224
Flanks ROS Value: 4.59279966354
Rear ROS Value: 3.40387940407
Std Normal RV for Stochastic ROS CV: 0
ROSAngleDir Cell 5 : {135.0: 4.5927996635437012, 45.0: 3.4038794040679932, 315.0: 4.5927996635437012}
Fire Progress before this update 5 : {1: 1377.8398990631104, 2: 1199.5018601417542, 3: 1021.1638212203979, 4: 1036.8582773208618, 6: 1199.5018601417542, 7: 1662.6834869384766, 8: 1036.8582773208618, 9: 1377.8398990631104}
    angle, realized ros in m/min 135.0 4.59279966354
Fire reaches the center of the cell 1 Distance to cell (in meters) was 1414.21356237
MSG list: [1]
Cell 1 popped out from the ROSAngleDir
ROSAngleDir Cell 5 : {45.0: 3.4038794040679932, 315.0: 4.5927996635437012}
    angle, realized ros in m/min 45.0 3.40387940407
A Repeat = TRUE flag is sent in order to continue with the current fire.....
Main workaround of the new sim logic.....
    angle, realized ros in m/min 315.0 4.59279966354
Fire reaches the center of the cell 9 Distance to cell (in meters) was 1414.21356237
MSG list: [1, 9]
Cell 9 popped out from the ROSAngleDir
ROSAngleDir Cell 5 : {45.0: 3.4038794040679932}
 ----------------- End of new manageFire function -----------------
Aux list: [1, 9]
List is not empty
SendMessageList:  [[], [], [], [], [1, 9], [], [], [], []]
Cell object new fields
('ID:', 6)
('FireProgress:', {8: 0.0, 9: 0.0, 2: 0.0, 3: 0.0, 5: 0.0})
('AngleDict:', {8: 225.0, 9: 270, 2: 135.0, 3: 90, 5: 180})
('ROSAngleDir:', {90: None, 270: None})
('DistToCenter:', {8: 1414.2135623730951, 9: 1000.0, 2: 1414.2135623730951, 3: 1000.0, 5: 1000.0})
('angle_to_nb:', {225.0: 8, 90: 3, 180: 5, 270: 9, 135.0: 2})
Cell 6 can still send messages to neighbors
Message sending probability (i.e. Non-burnout): 1 in period: 7 for Firestarts = 6
    len(ROSAngleDir)= 2
Cell can send messages
 Repeat condition:  True
Wind Speed 43.0
Wind Direction 225.0
Main Angle: 225.0
Front ROS Value: 6.92784786224
Flanks ROS Value: 4.59279966354
Rear ROS Value: 3.40387940407
Std Normal RV for Stochastic ROS CV: 0
ROSAngleDir Cell 6 : {90: 3.9983395338058472, 270: 5.7603237628936768}
Fire Progress before this update 6 : {8: 0.0, 9: 0.0, 2: 0.0, 3: 0.0, 5: 0.0}
    angle, realized ros in m/min 90 3.99833953381
A Repeat = TRUE flag is sent in order to continue with the current fire.....
Main workaround of the new sim logic.....
    angle, realized ros in m/min 270 5.76032376289
 ----------------- End of new manageFire function -----------------
Aux list: ['True']
Fire is still alive and we may repeat if no other messages......
Cell object new fields
('ID:', 7)
('FireProgress:', {8: 0.0, 4: 0.0, 5: 0.0})
('AngleDict:', {8: 0, 4: 90, 5: 45.0})
('ROSAngleDir:', {})
('DistToCenter:', {8: 1000.0, 4: 1000.0, 5: 1414.2135623730951})
('angle_to_nb:', {0: 8, 90: 4, 45.0: 5})
Cell 7 does not have any neighbor available for receiving messages
Aux list: []
Message and Aux Lists are empty; adding to BurnedOutList
Cell object new fields
('ID:', 8)
('FireProgress:', {9: 479.80074405670166, 4: 0.0, 5: 0.0, 6: 408.46552848815918, 7: 345.61942577362061})
('AngleDict:', {9: 0, 4: 135.0, 5: 90, 6: 45.0, 7: 180})
('ROSAngleDir:', {0: 3.9983395338058472})
('DistToCenter:', {9: 1000.0, 4: 1414.2135623730951, 5: 1000.0, 6: 1414.2135623730951, 7: 1000.0})
('angle_to_nb:', {0: 9, 90: 5, 180: 7, 45.0: 6, 135.0: 4})
Cell 8 can still send messages to neighbors
Message sending probability (i.e. Non-burnout): 1 in period: 7 for Firestarts = 4
    len(ROSAngleDir)= 1
Cell can send messages
 Repeat condition:  True
Wind Speed 43.0
Wind Direction 225.0
Main Angle: 225.0
Front ROS Value: 6.92784786224
Flanks ROS Value: 4.59279966354
Rear ROS Value: 3.40387940407
Std Normal RV for Stochastic ROS CV: 0
ROSAngleDir Cell 8 : {0: 3.9983395338058472}
Fire Progress before this update 8 : {9: 479.80074405670166, 4: 0.0, 5: 0.0, 6: 408.46552848815918, 7: 345.61942577362061}
    angle, realized ros in m/min 0 3.99833953381
A Repeat = TRUE flag is sent in order to continue with the current fire.....
Main workaround of the new sim logic.....
 ----------------- End of new manageFire function -----------------
Aux list: ['True']
Fire is still alive and we may repeat if no other messages......
Global_Message_Aux: [1, 9]
RepeatFire: True
Messages have been sent, next step
Lists of messages per Cell: [[], [], [], [], [1, 9], [], [], [], []]
Global Message Lists: [1, 9]
We have at least one message: True
Cell 1 got messages from the following cells in this fire period (hour): [5]
Cell 2 got messages from the following cells in this fire period (hour): []
Cell 4 got messages from the following cells in this fire period (hour): []
Cell 5 got messages from the following cells in this fire period (hour): []
Cell 6 got messages from the following cells in this fire period (hour): []
Cell 7 got messages from the following cells in this fire period (hour): []
Cell 8 got messages from the following cells in this fire period (hour): []
Cell 9 got messages from the following cells in this fire period (hour): [5]

---------------------- Step 3: Receiving and processing messages from Ignition ----------------------
Size of the world:  1
Cells receiving messages: set([1, 9])
Cell 1 receives 1 messages
Cell 9 receives 1 messages

---Serial version of the code---

Cells status

ROS Threshold get_burned method
ROSThresh: 0.001
Wind Speed 43.0
Wind Direction 225.0
Main Angle: 225.0
Front ROS Value: 6.92784786224
Flanks ROS Value: 4.59279966354
Rear ROS Value: 3.40387940407
Head ROS value: 6.92784786224
Cell 1 got burnt: True

ROS Threshold get_burned method
ROSThresh: 0.001
Wind Speed 43.0
Wind Direction 225.0
Main Angle: 225.0
Front ROS Value: 6.92784786224
Flanks ROS Value: 4.59279966354
Rear ROS Value: 3.40387940407
Head ROS value: 6.92784786224
Cell 9 got burnt: True

Results
newly Burnt (and/or burning) List: [1, 9]
Available cells: set([3])
Non Burnable Cells: set([])
Burning cells: set([1, 2, 4, 5, 6, 7, 8, 9])
Harvest cells: set([])
Burnt and Burning cells: set([1, 2, 4, 5, 6, 7, 8, 9])
Weather is a constant
enter update_Weather_FBPReadFile called from Main period= 5
WARNING: Weather is a constant but reading weather from a file so using first row.

forest data frame (df) after weather update
  fueltype  mon  jd   m  jd_min  lat  lon  elev  ffmc   ws   waz  bui  ps  \
0       c2    7   1 NaN     NaN   55  110   NaN    90  5.0  45.0  130   0   
1       c2    7   1 NaN     NaN   55  110   NaN    90  5.0  45.0  130   0   
2       c2    7   1 NaN     NaN   55  110   NaN    90  5.0  45.0  130   0   
3       c2    7   1 NaN     NaN   55  110   NaN    90  5.0  45.0  130   0   
4       c2    7   1 NaN     NaN   55  110   NaN    90  5.0  45.0  130   0   
5       c2    7   1 NaN     NaN   55  110   NaN    90  5.0  45.0  130   0   
6       c2    7   1 NaN     NaN   55  110   NaN    90  5.0  45.0  130   0   
7       c2    7   1 NaN     NaN   55  110   NaN    90  5.0  45.0  130   0   
8       c2    7   1 NaN     NaN   55  110   NaN    90  5.0  45.0  130   0   

   saz  pc  pdf  gfl  cur  time  
0   90 NaN  NaN  NaN  NaN    20  
1   90 NaN  NaN  NaN  NaN    20  
2   90 NaN  NaN  NaN  NaN    20  
3   90 NaN  NaN  NaN  NaN    20  
4   90 NaN  NaN  NaN  NaN    20  
5   90 NaN  NaN  NaN  NaN    20  
6   90 NaN  NaN  NaN  NaN    20  
7   90 NaN  NaN  NaN  NaN    20  
8   90 NaN  NaN  NaN  NaN    20  

Weather Info for (hour 8)
Wind Speed = 45.0
Wind Direction = 225.0
Temperature = 12.1
Dew Point = 8.4
Precipitation = 0.0
Radiation = 0
RHumidity = 35.0
(NOTE: current weather is not used for ROS with constant option)

Current Period (week): 1
Current Fire Period: 8

---------------------- Step 2: Sending Messages from Ignition ----------------------
Current Week: 1
Current Fire Period: 8
Burning Cells: set([1, 2, 4, 5, 6, 7, 8, 9])
Burnt Cells (should include burning): set([1, 2, 4, 5, 6, 7, 8, 9])
 -------------------- NEW CLEANING STEP ------------------------
Cell 2 : clearing ROSAngleDir
Cell 4 : clearing ROSAngleDir
Cell 6 : clearing ROSAngleDir
Cell 8 : clearing ROSAngleDir
----------------------------------------------------------------------

---Serial version of the code---
Cell object new fields
('ID:', 1)
('FireProgress:', {2: 0.0, 4: 0.0, 5: 0.0})
('AngleDict:', {2: 0, 4: 270, 5: 315.0})
('ROSAngleDir:', {})
('DistToCenter:', {2: 1000.0, 4: 1000.0, 5: 1414.2135623730951})
('angle_to_nb:', {0: 2, 315.0: 5, 270: 4})
Cell 1 does not have any neighbor available for receiving messages
Aux list: []
Message and Aux Lists are empty; adding to BurnedOutList
Cell object new fields
('ID:', 2)
('FireProgress:', {1: 345.61942577362061, 3: 239.90037202835083, 4: 0.0, 5: 0.0, 6: 0.0})
('AngleDict:', {1: 180, 3: 0, 4: 225.0, 5: 270, 6: 315.0})
('ROSAngleDir:', {0: 3.9983395338058472})
('DistToCenter:', {1: 1000.0, 3: 1000.0, 4: 1414.2135623730951, 5: 1000.0, 6: 1414.2135623730951})
('angle_to_nb:', {0: 3, 225.0: 4, 315.0: 6, 180: 1, 270: 5})
Cell 2 can still send messages to neighbors
Message sending probability (i.e. Non-burnout): 1 in period: 8 for Firestarts = 6
    len(ROSAngleDir)= 1
Cell can send messages
 Repeat condition:  True
Wind Speed 45.0
Wind Direction 225.0
Main Angle: 225.0
Front ROS Value: 6.92784786224
Flanks ROS Value: 4.59279966354
Rear ROS Value: 3.40387940407
Std Normal RV for Stochastic ROS CV: 0
ROSAngleDir Cell 2 : {0: 3.9983395338058472}
Fire Progress before this update 2 : {1: 345.61942577362061, 3: 239.90037202835083, 4: 0.0, 5: 0.0, 6: 0.0}
    angle, realized ros in m/min 0 3.99833953381
A Repeat = TRUE flag is sent in order to continue with the current fire.....
Main workaround of the new sim logic.....
 ----------------- End of new manageFire function -----------------
Aux list: ['True']
Fire is still alive and we may repeat if no other messages......
Cell object new fields
('ID:', 4)
('FireProgress:', {8: 0.0, 1: 719.70111608505249, 2: 408.46552848815918, 5: 0.0, 7: 345.61942577362061})
('AngleDict:', {8: 315.0, 1: 90, 2: 45.0, 5: 0, 7: 270})
('ROSAngleDir:', {})
('DistToCenter:', {8: 1414.2135623730951, 1: 1000.0, 2: 1414.2135623730951, 5: 1000.0, 7: 1000.0})
('angle_to_nb:', {0: 5, 90: 1, 315.0: 8, 45.0: 2, 270: 7})
Cell 4 does not have any neighbor available for receiving messages
Aux list: []
Message and Aux Lists are empty; adding to BurnedOutList
Cell object new fields
('ID:', 5)
('FireProgress:', {1: 1653.4078788757324, 2: 1199.5018601417542, 3: 1225.3965854644775, 4: 1036.8582773208618, 6: 1199.5018601417542, 7: 1662.6834869384766, 8: 1036.8582773208618, 9: 1653.4078788757324})
('AngleDict:', {1: 135.0, 2: 90, 3: 45.0, 4: 180, 6: 0, 7: 225.0, 8: 270, 9: 315.0})
('ROSAngleDir:', {45.0: 3.4038794040679932})
('DistToCenter:', {1: 1414.2135623730951, 2: 1000.0, 3: 1414.2135623730951, 4: 1000.0, 6: 1000.0, 7: 1414.2135623730951, 8: 1000.0, 9: 1414.2135623730951})
('angle_to_nb:', {0: 6, 225.0: 7, 135.0: 1, 45.0: 3, 270: 8, 180: 4, 90: 2, 315.0: 9})
Cell 5 can still send messages to neighbors
Message sending probability (i.e. Non-burnout): 1 in period: 8 for Firestarts = 1
    len(ROSAngleDir)= 1
Cell can send messages
 Repeat condition:  True
Wind Speed 45.0
Wind Direction 225.0
Main Angle: 225.0
Front ROS Value: 6.92784786224
Flanks ROS Value: 4.59279966354
Rear ROS Value: 3.40387940407
Std Normal RV for Stochastic ROS CV: 0
ROSAngleDir Cell 5 : {45.0: 3.4038794040679932}
Fire Progress before this update 5 : {1: 1653.4078788757324, 2: 1199.5018601417542, 3: 1225.3965854644775, 4: 1036.8582773208618, 6: 1199.5018601417542, 7: 1662.6834869384766, 8: 1036.8582773208618, 9: 1653.4078788757324}
    angle, realized ros in m/min 45.0 3.40387940407
Fire reaches the center of the cell 3 Distance to cell (in meters) was 1414.21356237
MSG list: [3]
Cell 3 popped out from the ROSAngleDir
ROSAngleDir Cell 5 : {}
 ----------------- End of new manageFire function -----------------
Aux list: [3]
List is not empty
SendMessageList:  [[], [], [], [], [3], [], [], [], []]
Cell object new fields
('ID:', 6)
('FireProgress:', {8: 0.0, 9: 345.61942577362061, 2: 0.0, 3: 239.90037202835083, 5: 0.0})
('AngleDict:', {8: 225.0, 9: 270, 2: 135.0, 3: 90, 5: 180})
('ROSAngleDir:', {90: 3.9983395338058472})
('DistToCenter:', {8: 1414.2135623730951, 9: 1000.0, 2: 1414.2135623730951, 3: 1000.0, 5: 1000.0})
('angle_to_nb:', {225.0: 8, 90: 3, 180: 5, 270: 9, 135.0: 2})
Cell 6 can still send messages to neighbors
Message sending probability (i.e. Non-burnout): 1 in period: 8 for Firestarts = 6
    len(ROSAngleDir)= 1
Cell can send messages
 Repeat condition:  True
Wind Speed 45.0
Wind Direction 225.0
Main Angle: 225.0
Front ROS Value: 6.92784786224
Flanks ROS Value: 4.59279966354
Rear ROS Value: 3.40387940407
Std Normal RV for Stochastic ROS CV: 0
ROSAngleDir Cell 6 : {90: 3.9983395338058472}
Fire Progress before this update 6 : {8: 0.0, 9: 345.61942577362061, 2: 0.0, 3: 239.90037202835083, 5: 0.0}
    angle, realized ros in m/min 90 3.99833953381
A Repeat = TRUE flag is sent in order to continue with the current fire.....
Main workaround of the new sim logic.....
 ----------------- End of new manageFire function -----------------
Aux list: ['True']
Fire is still alive and we may repeat if no other messages......
Cell object new fields
('ID:', 7)
('FireProgress:', {8: 0.0, 4: 0.0, 5: 0.0})
('AngleDict:', {8: 0, 4: 90, 5: 45.0})
('ROSAngleDir:', {})
('DistToCenter:', {8: 1000.0, 4: 1000.0, 5: 1414.2135623730951})
('angle_to_nb:', {0: 8, 90: 4, 45.0: 5})
Cell 7 does not have any neighbor available for receiving messages
Aux list: []
Message and Aux Lists are empty; adding to BurnedOutList
Cell object new fields
('ID:', 8)
('FireProgress:', {9: 719.70111608505249, 4: 0.0, 5: 0.0, 6: 408.46552848815918, 7: 345.61942577362061})
('AngleDict:', {9: 0, 4: 135.0, 5: 90, 6: 45.0, 7: 180})
('ROSAngleDir:', {})
('DistToCenter:', {9: 1000.0, 4: 1414.2135623730951, 5: 1000.0, 6: 1414.2135623730951, 7: 1000.0})
('angle_to_nb:', {0: 9, 90: 5, 180: 7, 45.0: 6, 135.0: 4})
Cell 8 does not have any neighbor available for receiving messages
Aux list: []
Message and Aux Lists are empty; adding to BurnedOutList
Cell object new fields
('ID:', 9)
('FireProgress:', {8: 0.0, 5: 0.0, 6: 0.0})
('AngleDict:', {8: 180, 5: 135.0, 6: 90})
('ROSAngleDir:', {})
('DistToCenter:', {8: 1000.0, 5: 1414.2135623730951, 6: 1000.0})
('angle_to_nb:', {90: 6, 180: 8, 135.0: 5})
Cell 9 does not have any neighbor available for receiving messages
Aux list: []
Message and Aux Lists are empty; adding to BurnedOutList
Global_Message_Aux: [3]
RepeatFire: True
Messages have been sent, next step
Lists of messages per Cell: [[], [], [], [], [3], [], [], [], []]
Global Message Lists: [3]
We have at least one message: True
Cell 1 got messages from the following cells in this fire period (hour): []
Cell 2 got messages from the following cells in this fire period (hour): []
Cell 3 got messages from the following cells in this fire period (hour): [5]
Cell 4 got messages from the following cells in this fire period (hour): []
Cell 5 got messages from the following cells in this fire period (hour): []
Cell 6 got messages from the following cells in this fire period (hour): []
Cell 7 got messages from the following cells in this fire period (hour): []
Cell 8 got messages from the following cells in this fire period (hour): []
Cell 9 got messages from the following cells in this fire period (hour): []

---------------------- Step 3: Receiving and processing messages from Ignition ----------------------
Size of the world:  1
Cells receiving messages: set([3])
Cell 3 receives 1 messages

---Serial version of the code---

Cells status

ROS Threshold get_burned method
ROSThresh: 0.001
Wind Speed 45.0
Wind Direction 225.0
Main Angle: 225.0
Front ROS Value: 6.92784786224
Flanks ROS Value: 4.59279966354
Rear ROS Value: 3.40387940407
Head ROS value: 6.92784786224
Cell 3 got burnt: True

Results
newly Burnt (and/or burning) List: [3]
Available cells: set([])
Non Burnable Cells: set([])
Burning cells: set([1, 2, 3, 4, 5, 6, 7, 8, 9])
Harvest cells: set([])
Burnt and Burning cells: set([1, 2, 3, 4, 5, 6, 7, 8, 9])
Weather is a constant
enter update_Weather_FBPReadFile called from Main period= 6
WARNING: Weather is a constant but reading weather from a file so using first row.

forest data frame (df) after weather update
  fueltype  mon  jd   m  jd_min  lat  lon  elev  ffmc   ws   waz  bui  ps  \
0       c2    7   1 NaN     NaN   55  110   NaN    90  5.0  45.0  130   0   
1       c2    7   1 NaN     NaN   55  110   NaN    90  5.0  45.0  130   0   
2       c2    7   1 NaN     NaN   55  110   NaN    90  5.0  45.0  130   0   
3       c2    7   1 NaN     NaN   55  110   NaN    90  5.0  45.0  130   0   
4       c2    7   1 NaN     NaN   55  110   NaN    90  5.0  45.0  130   0   
5       c2    7   1 NaN     NaN   55  110   NaN    90  5.0  45.0  130   0   
6       c2    7   1 NaN     NaN   55  110   NaN    90  5.0  45.0  130   0   
7       c2    7   1 NaN     NaN   55  110   NaN    90  5.0  45.0  130   0   
8       c2    7   1 NaN     NaN   55  110   NaN    90  5.0  45.0  130   0   

   saz  pc  pdf  gfl  cur  time  
0   90 NaN  NaN  NaN  NaN    20  
1   90 NaN  NaN  NaN  NaN    20  
2   90 NaN  NaN  NaN  NaN    20  
3   90 NaN  NaN  NaN  NaN    20  
4   90 NaN  NaN  NaN  NaN    20  
5   90 NaN  NaN  NaN  NaN    20  
6   90 NaN  NaN  NaN  NaN    20  
7   90 NaN  NaN  NaN  NaN    20  
8   90 NaN  NaN  NaN  NaN    20  

Weather Info for (hour 9)
Wind Speed = 46.0
Wind Direction = 225.0
Temperature = 10.6
Dew Point = 8.4
Precipitation = 0.0
Radiation = 0
RHumidity = 41.0
(NOTE: current weather is not used for ROS with constant option)

Current Period (week): 1
Current Fire Period: 9

---------------------- Step 2: Sending Messages from Ignition ----------------------
Current Week: 1
Current Fire Period: 9
Burning Cells: set([1, 2, 3, 4, 5, 6, 7, 8, 9])
Burnt Cells (should include burning): set([1, 2, 3, 4, 5, 6, 7, 8, 9])
 -------------------- NEW CLEANING STEP ------------------------
Cell 2 : clearing ROSAngleDir
Cell 6 : clearing ROSAngleDir
----------------------------------------------------------------------

---Serial version of the code---
Cell object new fields
('ID:', 1)
('FireProgress:', {2: 0.0, 4: 0.0, 5: 0.0})
('AngleDict:', {2: 0, 4: 270, 5: 315.0})
('ROSAngleDir:', {})
('DistToCenter:', {2: 1000.0, 4: 1000.0, 5: 1414.2135623730951})
('angle_to_nb:', {0: 2, 315.0: 5, 270: 4})
Cell 1 does not have any neighbor available for receiving messages
Aux list: []
Message and Aux Lists are empty; adding to BurnedOutList
Cell object new fields
('ID:', 2)
('FireProgress:', {1: 345.61942577362061, 3: 479.80074405670166, 4: 0.0, 5: 0.0, 6: 0.0})
('AngleDict:', {1: 180, 3: 0, 4: 225.0, 5: 270, 6: 315.0})
('ROSAngleDir:', {})
('DistToCenter:', {1: 1000.0, 3: 1000.0, 4: 1414.2135623730951, 5: 1000.0, 6: 1414.2135623730951})
('angle_to_nb:', {0: 3, 225.0: 4, 315.0: 6, 180: 1, 270: 5})
Cell 2 does not have any neighbor available for receiving messages
Aux list: []
Message and Aux Lists are empty; adding to BurnedOutList
Cell object new fields
('ID:', 3)
('FireProgress:', {2: 0.0, 5: 0.0, 6: 0.0})
('AngleDict:', {2: 180, 5: 225.0, 6: 270})
('ROSAngleDir:', {})
('DistToCenter:', {2: 1000.0, 5: 1414.2135623730951, 6: 1000.0})
('angle_to_nb:', {225.0: 5, 180: 2, 270: 6})
Cell 3 does not have any neighbor available for receiving messages
Aux list: []
Message and Aux Lists are empty; adding to BurnedOutList
Cell object new fields
('ID:', 4)
('FireProgress:', {8: 0.0, 1: 719.70111608505249, 2: 408.46552848815918, 5: 0.0, 7: 345.61942577362061})
('AngleDict:', {8: 315.0, 1: 90, 2: 45.0, 5: 0, 7: 270})
('ROSAngleDir:', {})
('DistToCenter:', {8: 1414.2135623730951, 1: 1000.0, 2: 1414.2135623730951, 5: 1000.0, 7: 1000.0})
('angle_to_nb:', {0: 5, 90: 1, 315.0: 8, 45.0: 2, 270: 7})
Cell 4 does not have any neighbor available for receiving messages
Aux list: []
Message and Aux Lists are empty; adding to BurnedOutList
Cell object new fields
('ID:', 5)
('FireProgress:', {1: 1653.4078788757324, 2: 1199.5018601417542, 3: 1429.6293497085571, 4: 1036.8582773208618, 6: 1199.5018601417542, 7: 1662.6834869384766, 8: 1036.8582773208618, 9: 1653.4078788757324})
('AngleDict:', {1: 135.0, 2: 90, 3: 45.0, 4: 180, 6: 0, 7: 225.0, 8: 270, 9: 315.0})
('ROSAngleDir:', {})
('DistToCenter:', {1: 1414.2135623730951, 2: 1000.0, 3: 1414.2135623730951, 4: 1000.0, 6: 1000.0, 7: 1414.2135623730951, 8: 1000.0, 9: 1414.2135623730951})
('angle_to_nb:', {0: 6, 225.0: 7, 135.0: 1, 45.0: 3, 270: 8, 180: 4, 90: 2, 315.0: 9})
Cell 5 does not have any neighbor available for receiving messages
Aux list: []
Message and Aux Lists are empty; adding to BurnedOutList
Cell object new fields
('ID:', 6)
('FireProgress:', {8: 0.0, 9: 345.61942577362061, 2: 0.0, 3: 479.80074405670166, 5: 0.0})
('AngleDict:', {8: 225.0, 9: 270, 2: 135.0, 3: 90, 5: 180})
('ROSAngleDir:', {})
('DistToCenter:', {8: 1414.2135623730951, 9: 1000.0, 2: 1414.2135623730951, 3: 1000.0, 5: 1000.0})
('angle_to_nb:', {225.0: 8, 90: 3, 180: 5, 270: 9, 135.0: 2})
Cell 6 does not have any neighbor available for receiving messages
Aux list: []
Message and Aux Lists are empty; adding to BurnedOutList
Cell object new fields
('ID:', 7)
('FireProgress:', {8: 0.0, 4: 0.0, 5: 0.0})
('AngleDict:', {8: 0, 4: 90, 5: 45.0})
('ROSAngleDir:', {})
('DistToCenter:', {8: 1000.0, 4: 1000.0, 5: 1414.2135623730951})
('angle_to_nb:', {0: 8, 90: 4, 45.0: 5})
Cell 7 does not have any neighbor available for receiving messages
Aux list: []
Message and Aux Lists are empty; adding to BurnedOutList
Cell object new fields
('ID:', 8)
('FireProgress:', {9: 719.70111608505249, 4: 0.0, 5: 0.0, 6: 408.46552848815918, 7: 345.61942577362061})
('AngleDict:', {9: 0, 4: 135.0, 5: 90, 6: 45.0, 7: 180})
('ROSAngleDir:', {})
('DistToCenter:', {9: 1000.0, 4: 1414.2135623730951, 5: 1000.0, 6: 1414.2135623730951, 7: 1000.0})
('angle_to_nb:', {0: 9, 90: 5, 180: 7, 45.0: 6, 135.0: 4})
Cell 8 does not have any neighbor available for receiving messages
Aux list: []
Message and Aux Lists are empty; adding to BurnedOutList
Cell object new fields
('ID:', 9)
('FireProgress:', {8: 0.0, 5: 0.0, 6: 0.0})
('AngleDict:', {8: 180, 5: 135.0, 6: 90})
('ROSAngleDir:', {})
('DistToCenter:', {8: 1000.0, 5: 1414.2135623730951, 6: 1000.0})
('angle_to_nb:', {90: 6, 180: 8, 135.0: 5})
Cell 9 does not have any neighbor available for receiving messages
Aux list: []
Message and Aux Lists are empty; adding to BurnedOutList
Global_Message_Aux: []
RepeatFire: False

No messages during the fire period, end of year 1

----------------------------- Results -----------------------------

--------------------------- Solution without Heuristic --------------------------
Total Available Cells:     0 - % of the Forest:  0.0 %
Total Burnt Cells:         9 - % of the Forest:  100.0 %
Total Non-Burnable Cells:  0 - % of the Forest:  0.0 %

Cells status
Cell 1 status: Burnt, Year: 1, Week: 1.0, Fire starts (hour): 7
Cell 2 status: Burnt, Year: 1, Week: 1.0, Fire starts (hour): 6
Cell 3 status: Burnt, Year: 1, Week: 1.0, Fire starts (hour): 8
Cell 4 status: Burnt, Year: 1, Week: 1.0, Fire starts (hour): 4
Cell 5 status: Burnt, Year: 1, Week: 1.0, Fire starts (hour): 1
Cell 6 status: Burnt, Year: 1, Week: 1.0, Fire starts (hour): 6
Cell 7 status: Burnt, Year: 1, Week: 1.0, Fire starts (hour): 5
Cell 8 status: Burnt, Year: 1, Week: 1.0, Fire starts (hour): 4
Cell 9 status: Burnt, Year: 1, Week: 1.0, Fire starts (hour): 7

Final Time: 5.596214
Total simulation time:  4.76  [s]
Forest Grid has been created
