\BOOKMARK [1][-]{section.1}{Introduction}{}% 1
\BOOKMARK [1][-]{section.2}{SimName: Stochastic Cell-based simulator}{}% 2
\BOOKMARK [2][-]{subsection.2.1}{Fire Simulation}{section.2}% 3
\BOOKMARK [2][-]{subsection.2.2}{Current features}{section.2}% 4
\BOOKMARK [2][-]{subsection.2.3}{Modules: Classes \(updating in progress...\)}{section.2}% 5
\BOOKMARK [3][-]{subsubsection.2.3.1}{Global Parameters}{subsection.2.3}% 6
\BOOKMARK [2][-]{subsection.2.4}{Quick tutorial}{section.2}% 7
\BOOKMARK [3][-]{subsubsection.2.4.1}{Getting started}{subsection.2.4}% 8
\BOOKMARK [3][-]{subsubsection.2.4.2}{Basics}{subsection.2.4}% 9
\BOOKMARK [3][-]{subsubsection.2.4.3}{Simulator Files}{subsection.2.4}% 10
\BOOKMARK [3][-]{subsubsection.2.4.4}{CMD line arguments}{subsection.2.4}% 11
\BOOKMARK [3][-]{subsubsection.2.4.5}{Running SimName: Examples}{subsection.2.4}% 12
\BOOKMARK [3][-]{subsubsection.2.4.6}{Output Examples}{subsection.2.4}% 13
\BOOKMARK [1][-]{section.3}{3D output: GIS based output \(work in progress\)}{}% 14
\BOOKMARK [2][-]{subsection.3.1}{Output}{section.3}% 15
\BOOKMARK [2][-]{subsection.3.2}{Examples}{section.3}% 16
\BOOKMARK [1][-]{section.4}{Prometheus: Comparison with deterministic simulator}{}% 17
\BOOKMARK [2][-]{subsection.4.1}{Methodology}{section.4}% 18
\BOOKMARK [2][-]{subsection.4.2}{Instances}{section.4}% 19
\BOOKMARK [2][-]{subsection.4.3}{Results}{section.4}% 20
\BOOKMARK [1][-]{section.5}{Future/Current Work}{}% 21
\BOOKMARK [1][-]{section.6}{Bibliography}{}% 22
